<?xml version="1.0" encoding="UTF-8"?>
<!-- Generated by org.testng.reporters.JUnitReportReporter -->
<testsuite skipped="0" hostname="ind496" name="com.selenium.utilities.TestUtil" tests="1" failures="0" timestamp="22 Feb 2018 05:05:34 GMT" time="2.778" errors="0">
  <testcase name="captureScreenshot" time="2.778" classname="com.selenium.utilities.TestUtil"/>
</testsuite> <!-- com.selenium.utilities.TestUtil -->
