<?xml version="1.0" encoding="UTF-8"?>
<!-- Generated by org.testng.reporters.JUnitReportReporter -->
<testsuite skipped="1" hostname="ind496" name="com.selenium.testcases.LoginTest" tests="2" failures="0" timestamp="23 Feb 2018 11:54:35 GMT" time="10.750" errors="0">
  <testcase name="loginTest" time="10.750" classname="com.selenium.testcases.LoginTest"/>
  <testcase name="loginTest" time="0.000" classname="com.selenium.testcases.LoginTest">
    <skipped/>
  </testcase> <!-- loginTest -->
</testsuite> <!-- com.selenium.testcases.LoginTest -->
